# JRE version: OpenJDK Runtime Environment (8.0_152-b01) (build 1.8.0_152-release-915-b01)
# Java VM: OpenJDK 64-Bit Server VM (25.152-b01 mixed mode linux-amd64 compressed oops)
Heap:
 PSYoungGen      total 164352K, used 13303K [0x00000000e0000000, 0x00000000eae80000, 0x0000000100000000)
  eden space 151040K, 0% used [0x00000000e0000000,0x00000000e0000000,0x00000000e9380000)
  from space 13312K, 99% used [0x00000000e9480000,0x00000000ea17dd20,0x00000000ea180000)
  to   space 10240K, 0% used [0x00000000ea480000,0x00000000ea480000,0x00000000eae80000)
 ParOldGen       total 49664K, used 18155K [0x00000000a0000000, 0x00000000a3080000, 0x00000000e0000000)
  object space 49664K, 36% used [0x00000000a0000000,0x00000000a11bade0,0x00000000a3080000)
 Metaspace       used 45966K, capacity 46948K, committed 47192K, reserved 1089536K
  class space    used 6153K, capacity 6473K, committed 6528K, reserved 1048576K
GC Heap History (10 events):
Event: 5.454 GC heap after
Heap after GC invocations=6 (full 0):
 PSYoungGen      total 108032K, used 2484K [0x00000000e0000000, 0x00000000e7300000, 0x0000000100000000)
  eden space 98304K, 0% used [0x00000000e0000000,0x00000000e0000000,0x00000000e6000000)
  from space 9728K, 25% used [0x00000000e6980000,0x00000000e6bed050,0x00000000e7300000)
  to   space 9728K, 0% used [0x00000000e6000000,0x00000000e6000000,0x00000000e6980000)
 ParOldGen       total 32768K, used 13607K [0x00000000a0000000, 0x00000000a2000000, 0x00000000e0000000)
  object space 32768K, 41% used [0x00000000a0000000,0x00000000a0d49c68,0x00000000a2000000)
 Metaspace       used 20585K, capacity 21032K, committed 21248K, reserved 1067008K
  class space    used 2852K, capacity 3005K, committed 3072K, reserved 1048576K
}
Event: 5.454 GC heap before
{Heap before GC invocations=7 (full 1):
 PSYoungGen      total 108032K, used 2484K [0x00000000e0000000, 0x00000000e7300000, 0x0000000100000000)
  eden space 98304K, 0% used [0x00000000e0000000,0x00000000e0000000,0x00000000e6000000)
  from space 9728K, 25% used [0x00000000e6980000,0x00000000e6bed050,0x00000000e7300000)
  to   space 9728K, 0% used [0x00000000e6000000,0x00000000e6000000,0x00000000e6980000)
 ParOldGen       total 32768K, used 13607K [0x00000000a0000000, 0x00000000a2000000, 0x00000000e0000000)
  object space 32768K, 41% used [0x00000000a0000000,0x00000000a0d49c68,0x00000000a2000000)
 Metaspace       used 20585K, capacity 21032K, committed 21248K, reserved 1067008K
  class space    used 2852K, capacity 3005K, committed 3072K, reserved 1048576K
Event: 5.556 GC heap after
Heap after GC invocations=7 (full 1):
 PSYoungGen      total 108032K, used 0K [0x00000000e0000000, 0x00000000e7300000, 0x0000000100000000)
  eden space 98304K, 0% used [0x00000000e0000000,0x00000000e0000000,0x00000000e6000000)
  from space 9728K, 0% used [0x00000000e6980000,0x00000000e6980000,0x00000000e7300000)
  to   space 9728K, 0% used [0x00000000e6000000,0x00000000e6000000,0x00000000e6980000)
 ParOldGen       total 37888K, used 13506K [0x00000000a0000000, 0x00000000a2500000, 0x00000000e0000000)
  object space 37888K, 35% used [0x00000000a0000000,0x00000000a0d30948,0x00000000a2500000)
 Metaspace       used 20585K, capacity 21032K, committed 21248K, reserved 1067008K
  class space    used 2852K, capacity 3005K, committed 3072K, reserved 1048576K
}
Event: 8.396 GC heap before
{Heap before GC invocations=8 (full 1):
 PSYoungGen      total 108032K, used 98304K [0x00000000e0000000, 0x00000000e7300000, 0x0000000100000000)
  eden space 98304K, 100% used [0x00000000e0000000,0x00000000e6000000,0x00000000e6000000)
  from space 9728K, 0% used [0x00000000e6980000,0x00000000e6980000,0x00000000e7300000)
  to   space 9728K, 0% used [0x00000000e6000000,0x00000000e6000000,0x00000000e6980000)
 ParOldGen       total 37888K, used 13506K [0x00000000a0000000, 0x00000000a2500000, 0x00000000e0000000)
  object space 37888K, 35% used [0x00000000a0000000,0x00000000a0d30948,0x00000000a2500000)
 Metaspace       used 27753K, capacity 28298K, committed 28672K, reserved 1073152K
  class space    used 3876K, capacity 4030K, committed 4096K, reserved 1048576K
Event: 8.436 GC heap after
Heap after GC invocations=8 (full 1):
 PSYoungGen      total 108032K, used 9726K [0x00000000e0000000, 0x00000000eb000000, 0x0000000100000000)
  eden space 98304K, 0% used [0x00000000e0000000,0x00000000e0000000,0x00000000e6000000)
  from space 9728K, 99% used [0x00000000e6000000,0x00000000e697f938,0x00000000e6980000)
  to   space 11776K, 0% used [0x00000000ea480000,0x00000000ea480000,0x00000000eb000000)
 ParOldGen       total 37888K, used 13776K [0x00000000a0000000, 0x00000000a2500000, 0x00000000e0000000)
  object space 37888K, 36% used [0x00000000a0000000,0x00000000a0d74148,0x00000000a2500000)
 Metaspace       used 27753K, capacity 28298K, committed 28672K, reserved 1073152K
  class space    used 3876K, capacity 4030K, committed 4096K, reserved 1048576K
}
Event: 11.731 GC heap before
{Heap before GC invocations=9 (full 1):
 PSYoungGen      total 108032K, used 99347K [0x00000000e0000000, 0x00000000eb000000, 0x0000000100000000)
  eden space 98304K, 91% used [0x00000000e0000000,0x00000000e5785698,0x00000000e6000000)
  from space 9728K, 99% used [0x00000000e6000000,0x00000000e697f938,0x00000000e6980000)
  to   space 11776K, 0% used [0x00000000ea480000,0x00000000ea480000,0x00000000eb000000)
 ParOldGen       total 37888K, used 13776K [0x00000000a0000000, 0x00000000a2500000, 0x00000000e0000000)
  object space 37888K, 36% used [0x00000000a0000000,0x00000000a0d74148,0x00000000a2500000)
 Metaspace       used 34577K, capacity 35224K, committed 35416K, reserved 1079296K
  class space    used 4698K, capacity 4962K, committed 4992K, reserved 1048576K
Event: 11.746 GC heap after
Heap after GC invocations=9 (full 1):
 PSYoungGen      total 161280K, used 10223K [0x00000000e0000000, 0x00000000eae80000, 0x0000000100000000)
  eden space 151040K, 0% used [0x00000000e0000000,0x00000000e0000000,0x00000000e9380000)
  from space 10240K, 99% used [0x00000000ea480000,0x00000000eae7bc40,0x00000000eae80000)
  to   space 13312K, 0% used [0x00000000e9480000,0x00000000e9480000,0x00000000ea180000)
 ParOldGen       total 37888K, used 13856K [0x00000000a0000000, 0x00000000a2500000, 0x00000000e0000000)
  object space 37888K, 36% used [0x00000000a0000000,0x00000000a0d88158,0x00000000a2500000)
 Metaspace       used 34577K, capacity 35224K, committed 35416K, reserved 1079296K
  class space    used 4698K, capacity 4962K, committed 4992K, reserved 1048576K
}
Event: 11.746 GC heap before
{Heap before GC invocations=10 (full 2):
 PSYoungGen      total 161280K, used 10223K [0x00000000e0000000, 0x00000000eae80000, 0x0000000100000000)
  eden space 151040K, 0% used [0x00000000e0000000,0x00000000e0000000,0x00000000e9380000)
  from space 10240K, 99% used [0x00000000ea480000,0x00000000eae7bc40,0x00000000eae80000)
  to   space 13312K, 0% used [0x00000000e9480000,0x00000000e9480000,0x00000000ea180000)
 ParOldGen       total 37888K, used 13856K [0x00000000a0000000, 0x00000000a2500000, 0x00000000e0000000)
  object space 37888K, 36% used [0x00000000a0000000,0x00000000a0d88158,0x00000000a2500000)
 Metaspace       used 34577K, capacity 35224K, committed 35416K, reserved 1079296K
  class space    used 4698K, capacity 4962K, committed 4992K, reserved 1048576K
Event: 11.943 GC heap after
Heap after GC invocations=10 (full 2):
 PSYoungGen      total 161280K, used 0K [0x00000000e0000000, 0x00000000eae80000, 0x0000000100000000)
  eden space 151040K, 0% used [0x00000000e0000000,0x00000000e0000000,0x00000000e9380000)
  from space 10240K, 0% used [0x00000000ea480000,0x00000000ea480000,0x00000000eae80000)
  to   space 13312K, 0% used [0x00000000e9480000,0x00000000e9480000,0x00000000ea180000)
 ParOldGen       total 49664K, used 16310K [0x00000000a0000000, 0x00000000a3080000, 0x00000000e0000000)
  object space 49664K, 32% used [0x00000000a0000000,0x00000000a0fed988,0x00000000a3080000)
 Metaspace       used 34577K, capacity 35224K, committed 35416K, reserved 1079296K
  class space    used 4698K, capacity 4962K, committed 4992K, reserved 1048576K
}
Event: 15.868 GC heap before
{Heap before GC invocations=11 (full 2):
 PSYoungGen      total 161280K, used 151040K [0x00000000e0000000, 0x00000000eae80000, 0x0000000100000000)
  eden space 151040K, 100% used [0x00000000e0000000,0x00000000e9380000,0x00000000e9380000)
  from space 10240K, 0% used [0x00000000ea480000,0x00000000ea480000,0x00000000eae80000)
  to   space 13312K, 0% used [0x00000000e9480000,0x00000000e9480000,0x00000000ea180000)
 ParOldGen       total 49664K, used 16310K [0x00000000a0000000, 0x00000000a3080000, 0x00000000e0000000)
  object space 49664K, 32% used [0x00000000a0000000,0x00000000a0fed988,0x00000000a3080000)
 Metaspace       used 45966K, capacity 46948K, committed 47192K, reserved 1089536K
  class space    used 6153K, capacity 6473K, committed 6528K, reserved 1048576K

